This is pdfTeX, Version 3.14159265-2.6-1.40.16 (TeX Live 2015/Debian) (preloaded format=pdflatex 2018.4.11)  7 SEP 2018 11:03
entering extended mode
 restricted \write18 enabled.
 %&-line parsing enabled.
**paper1.tex
(./paper1.tex
LaTeX2e <2016/02/01>
Babel <3.9q> and hyphenation patterns for 3 language(s) loaded.
(/usr/share/texlive/texmf-dist/tex/latex/base/article.cls
Document Class: article 2014/09/29 v1.4h Standard LaTeX document class
(/usr/share/texlive/texmf-dist/tex/latex/base/size11.clo
File: size11.clo 2014/09/29 v1.4h Standard LaTeX file (size option)
)
\c@part=\count79
\c@section=\count80
\c@subsection=\count81
\c@subsubsection=\count82
\c@paragraph=\count83
\c@subparagraph=\count84
\c@figure=\count85
\c@table=\count86
\abovecaptionskip=\skip41
\belowcaptionskip=\skip42
\bibindent=\dimen102
)
(/usr/share/texlive/texmf-dist/tex/latex/graphics/graphicx.sty
Package: graphicx 2014/10/28 v1.0g Enhanced LaTeX Graphics (DPC,SPQR)

(/usr/share/texlive/texmf-dist/tex/latex/graphics/keyval.sty
Package: keyval 2014/10/28 v1.15 key=value parser (DPC)
\KV@toks@=\toks14
)
(/usr/share/texlive/texmf-dist/tex/latex/graphics/graphics.sty
Package: graphics 2016/01/03 v1.0q Standard LaTeX Graphics (DPC,SPQR)

(/usr/share/texlive/texmf-dist/tex/latex/graphics/trig.sty
Package: trig 2016/01/03 v1.10 sin cos tan (DPC)
)
(/usr/share/texlive/texmf-dist/tex/latex/latexconfig/graphics.cfg
File: graphics.cfg 2010/04/23 v1.9 graphics configuration of TeX Live
)
Package graphics Info: Driver file: pdftex.def on input line 95.

(/usr/share/texlive/texmf-dist/tex/latex/pdftex-def/pdftex.def
File: pdftex.def 2011/05/27 v0.06d Graphics/color for pdfTeX

(/usr/share/texlive/texmf-dist/tex/generic/oberdiek/infwarerr.sty
Package: infwarerr 2010/04/08 v1.3 Providing info/warning/error messages (HO)
)
(/usr/share/texlive/texmf-dist/tex/generic/oberdiek/ltxcmds.sty
Package: ltxcmds 2011/11/09 v1.22 LaTeX kernel commands for general use (HO)
)
\Gread@gobject=\count87
))
\Gin@req@height=\dimen103
\Gin@req@width=\dimen104
)
(./paper1.aux)
\openout1 = `paper1.aux'.

LaTeX Font Info:    Checking defaults for OML/cmm/m/it on input line 4.
LaTeX Font Info:    ... okay on input line 4.
LaTeX Font Info:    Checking defaults for T1/cmr/m/n on input line 4.
LaTeX Font Info:    ... okay on input line 4.
LaTeX Font Info:    Checking defaults for OT1/cmr/m/n on input line 4.
LaTeX Font Info:    ... okay on input line 4.
LaTeX Font Info:    Checking defaults for OMS/cmsy/m/n on input line 4.
LaTeX Font Info:    ... okay on input line 4.
LaTeX Font Info:    Checking defaults for OMX/cmex/m/n on input line 4.
LaTeX Font Info:    ... okay on input line 4.
LaTeX Font Info:    Checking defaults for U/cmr/m/n on input line 4.
LaTeX Font Info:    ... okay on input line 4.
 (/usr/share/texlive/texmf-dist/tex/context/base/supp-pdf.mkii
[Loading MPS to PDF converter (version 2006.09.02).]
\scratchcounter=\count88
\scratchdimen=\dimen105
\scratchbox=\box26
\nofMPsegments=\count89
\nofMParguments=\count90
\everyMPshowfont=\toks15
\MPscratchCnt=\count91
\MPscratchDim=\dimen106
\MPnumerator=\count92
\makeMPintoPDFobject=\count93
\everyMPtoPDFconversion=\toks16
) (/usr/share/texlive/texmf-dist/tex/generic/oberdiek/pdftexcmds.sty
Package: pdftexcmds 2011/11/29 v0.20 Utility functions of pdfTeX for LuaTeX (HO
)

(/usr/share/texlive/texmf-dist/tex/generic/oberdiek/ifluatex.sty
Package: ifluatex 2010/03/01 v1.3 Provides the ifluatex switch (HO)
Package ifluatex Info: LuaTeX not detected.
)
(/usr/share/texlive/texmf-dist/tex/generic/oberdiek/ifpdf.sty
Package: ifpdf 2011/01/30 v2.3 Provides the ifpdf switch (HO)
Package ifpdf Info: pdfTeX in PDF mode is detected.
)
Package pdftexcmds Info: LuaTeX not detected.
Package pdftexcmds Info: \pdf@primitive is available.
Package pdftexcmds Info: \pdf@ifprimitive is available.
Package pdftexcmds Info: \pdfdraftmode found.
)
(/usr/share/texlive/texmf-dist/tex/latex/oberdiek/epstopdf-base.sty
Package: epstopdf-base 2010/02/09 v2.5 Base part for package epstopdf

(/usr/share/texlive/texmf-dist/tex/latex/oberdiek/grfext.sty
Package: grfext 2010/08/19 v1.1 Manage graphics extensions (HO)

(/usr/share/texlive/texmf-dist/tex/generic/oberdiek/kvdefinekeys.sty
Package: kvdefinekeys 2011/04/07 v1.3 Define keys (HO)
))
(/usr/share/texlive/texmf-dist/tex/latex/oberdiek/kvoptions.sty
Package: kvoptions 2011/06/30 v3.11 Key value format for package options (HO)

(/usr/share/texlive/texmf-dist/tex/generic/oberdiek/kvsetkeys.sty
Package: kvsetkeys 2012/04/25 v1.16 Key value parser (HO)

(/usr/share/texlive/texmf-dist/tex/generic/oberdiek/etexcmds.sty
Package: etexcmds 2011/02/16 v1.5 Avoid name clashes with e-TeX commands (HO)
Package etexcmds Info: Could not find \expanded.
(etexcmds)             That can mean that you are not using pdfTeX 1.50 or
(etexcmds)             that some package has redefined \expanded.
(etexcmds)             In the latter case, load this package earlier.
)))
Package grfext Info: Graphics extension search list:
(grfext)             [.png,.pdf,.jpg,.mps,.jpeg,.jbig2,.jb2,.PNG,.PDF,.JPG,.JPE
G,.JBIG2,.JB2,.eps]
(grfext)             \AppendGraphicsExtensions on input line 452.

(/usr/share/texlive/texmf-dist/tex/latex/latexconfig/epstopdf-sys.cfg
File: epstopdf-sys.cfg 2010/07/13 v1.3 Configuration of (r)epstopdf for TeX Liv
e
))
Overfull \hbox (26.66756pt too wide) in paragraph at lines 16--17
\OT1/cmr/m/n/10 thinks about what prob-lems up into``engineering",``humanities"
,``marketing",
 []

[1

{/var/lib/texmf/fonts/map/pdftex/updmap/pdftex.map}] [2] [3]
<figures/figure1_cubes.png, id=15, 401.5pt x 200.75pt>
File: figures/figure1_cubes.png Graphic file (type png)

<use figures/figure1_cubes.png>
Package pdftex.def Info: figures/figure1_cubes.png used on input line 54.
(pdftex.def)             Requested size: 401.49901pt x 200.7495pt.

Overfull \hbox (41.49901pt too wide) in paragraph at lines 54--55
[][] 
 []


Overfull \hbox (72.75087pt too wide) in paragraph at lines 68--69
\OT1/cmr/m/n/10 strings in the form of base 8 ad-dresses sep-a-rated by com-mas
, e.g.``0300,0341,0333,0341,".
 []

[4] <figures/fig2cubestack.png, id=21, 552.0625pt x 552.0625pt>
File: figures/fig2cubestack.png Graphic file (type png)

<use figures/fig2cubestack.png>
Package pdftex.def Info: figures/fig2cubestack.png used on input line 83.
(pdftex.def)             Requested size: 552.06114pt x 552.06114pt.

Overfull \hbox (192.06114pt too wide) in paragraph at lines 83--84
[][] 
 []


LaTeX Warning: Float too large for page by 36.39008pt on input line 85.


Overfull \hbox (1.6534pt too wide) in paragraph at lines 87--88
[]\OT1/cmr/m/n/10 The Ge-ometron Ac-tion Cube is di-vided up into lay-ers, call
ed tablets,
 []

<figures/figure3_bottomTablet.png, id=22, 501.875pt x 501.875pt>
File: figures/figure3_bottomTablet.png Graphic file (type png)

<use figures/figure3_bottomTablet.png>
Package pdftex.def Info: figures/figure3_bottomTablet.png used on input line 90
.
(pdftex.def)             Requested size: 501.87376pt x 501.87376pt.

Overfull \hbox (141.87376pt too wide) in paragraph at lines 90--91
[][] 
 []


LaTeX Warning: Float too large for page by 13.40271pt on input line 93.

[5 <./figures/figure1_cubes.png>] [6 <./figures/fig2cubestack.png>] [7 <./figur
es/figure3_bottomTablet.png>]
<figures/figure4_asciitablet.png, id=36, 552.0625pt x 552.0625pt>
File: figures/figure4_asciitablet.png Graphic file (type png)

<use figures/figure4_asciitablet.png>
Package pdftex.def Info: figures/figure4_asciitablet.png used on input line 99.

(pdftex.def)             Requested size: 552.06114pt x 552.06114pt.

Overfull \hbox (192.06114pt too wide) in paragraph at lines 99--100
[][] 
 []


LaTeX Warning: Float too large for page by 64.19841pt on input line 101.

<figures/figure5_shapetable.png, id=37, 501.875pt x 501.875pt>
File: figures/figure5_shapetable.png Graphic file (type png)

<use figures/figure5_shapetable.png>
Package pdftex.def Info: figures/figure5_shapetable.png used on input line 109.

(pdftex.def)             Requested size: 501.87376pt x 501.87376pt.

Overfull \hbox (141.87376pt too wide) in paragraph at lines 109--110
[][] 
 []


Overfull \hbox (115.52899pt too wide) in paragraph at lines 114--115
\OT1/cmr/m/n/10 glyphs with an ad-dress in the for-mat ``0200:0362,0203,0334,02
03,0334,0203,0334,0203,0334,0354,". 
 []

<figures/figure6_actionTablet.png, id=38, 552.0625pt x 552.0625pt>
File: figures/figure6_actionTablet.png Graphic file (type png)

<use figures/figure6_actionTablet.png>
Package pdftex.def Info: figures/figure6_actionTablet.png used on input line 12
0.
(pdftex.def)             Requested size: 552.06114pt x 552.06114pt.

Overfull \hbox (192.06114pt too wide) in paragraph at lines 120--121
[][] 
 []


LaTeX Warning: Float too large for page by 36.39008pt on input line 123.

[8] [9 <./figures/figure4_asciitablet.png>] [10 <./figures/figure5_shapetable.p
ng>] [11 <./figures/figure6_actionTablet.png>]
<figures/figure7_globalCursor.png, id=54, 552.0625pt x 301.125pt>
File: figures/figure7_globalCursor.png Graphic file (type png)

<use figures/figure7_globalCursor.png>
Package pdftex.def Info: figures/figure7_globalCursor.png used on input line 13
1.
(pdftex.def)             Requested size: 552.06114pt x 301.12425pt.

Overfull \hbox (192.06114pt too wide) in paragraph at lines 131--132
[][] 
 []

<figures/figure8_symmetries.png, id=55, 552.0625pt x 200.75pt>
File: figures/figure8_symmetries.png Graphic file (type png)

<use figures/figure8_symmetries.png>
Package pdftex.def Info: figures/figure8_symmetries.png used on input line 144.

(pdftex.def)             Requested size: 552.06114pt x 200.7495pt.

Overfull \hbox (192.06114pt too wide) in paragraph at lines 144--145
[][] 
 []

LaTeX Font Info:    External font `cmex10' loaded for size
(Font)              <10.95> on input line 145.
LaTeX Font Info:    External font `cmex10' loaded for size
(Font)              <8> on input line 145.
LaTeX Font Info:    External font `cmex10' loaded for size
(Font)              <6> on input line 145.
[12 <./figures/figure7_globalCursor.png>]
<figures/figure9_scales.png, id=60, 501.875pt x 200.75pt>
File: figures/figure9_scales.png Graphic file (type png)

<use figures/figure9_scales.png>
Package pdftex.def Info: figures/figure9_scales.png used on input line 161.
(pdftex.def)             Requested size: 501.87376pt x 200.7495pt.

Overfull \hbox (141.87376pt too wide) in paragraph at lines 161--162
[][] 
 []

[13 <./figures/figure8_symmetries.png>]
<figures/figure10_layers.png, id=68, 501.875pt x 100.375pt>
File: figures/figure10_layers.png Graphic file (type png)

<use figures/figure10_layers.png>
Package pdftex.def Info: figures/figure10_layers.png used on input line 175.
(pdftex.def)             Requested size: 360.0pt x 72.00343pt.

<figures/figure11a_movements.png, id=69, 501.875pt x 200.75pt>
File: figures/figure11a_movements.png Graphic file (type png)

<use figures/figure11a_movements.png>
Package pdftex.def Info: figures/figure11a_movements.png used on input line 190
.
(pdftex.def)             Requested size: 360.0pt x 144.00688pt.

<figures/figure11b_rotationscale.png, id=70, 501.875pt x 200.75pt>
File: figures/figure11b_rotationscale.png Graphic file (type png)

<use figures/figure11b_rotationscale.png>
Package pdftex.def Info: figures/figure11b_rotationscale.png used on input line
 191.
(pdftex.def)             Requested size: 360.0pt x 144.00688pt.
 [14 <./figures/figure9_scales.png> <./figures/figure10_layers.png>] [15 <./fig
ures/figure11a_movements.png> <./figures/figure11b_rotationscale.png>]
<figures/figure12_basicDraw.png, id=84, 501.875pt x 200.75pt>
File: figures/figure12_basicDraw.png Graphic file (type png)

<use figures/figure12_basicDraw.png>
Package pdftex.def Info: figures/figure12_basicDraw.png used on input line 204.

(pdftex.def)             Requested size: 360.0pt x 144.00688pt.

<figures/figure13_vesicaPisces.png, id=85, 501.875pt x 501.875pt>
File: figures/figure13_vesicaPisces.png Graphic file (type png)

<use figures/figure13_vesicaPisces.png>
Package pdftex.def Info: figures/figure13_vesicaPisces.png used on input line 2
18.
(pdftex.def)             Requested size: 360.0pt x 360.01723pt.

<figures/figure14_paths.png, id=86, 501.875pt x 200.75pt>
File: figures/figure14_paths.png Graphic file (type png)

<use figures/figure14_paths.png>
Package pdftex.def Info: figures/figure14_paths.png used on input line 232.
(pdftex.def)             Requested size: 360.0pt x 144.00688pt.
 [16 <./figures/figure12_basicDraw.png>]
[17 <./figures/figure13_vesicaPisces.png>]
<figures/figure15_square.png, id=95, 552.0625pt x 451.6875pt>
File: figures/figure15_square.png Graphic file (type png)

<use figures/figure15_square.png>
Package pdftex.def Info: figures/figure15_square.png used on input line 263.
(pdftex.def)             Requested size: 360.0pt x 294.55829pt.

<figures/figure16_circlesFractal.png, id=96, 552.0625pt x 501.875pt>
File: figures/figure16_circlesFractal.png Graphic file (type png)

<use figures/figure16_circlesFractal.png>
Package pdftex.def Info: figures/figure16_circlesFractal.png used on input line
 273.
(pdftex.def)             Requested size: 360.0pt x 327.28699pt.

<figures/figure17_star.png, id=97, 552.0625pt x 501.875pt>
File: figures/figure17_star.png Graphic file (type png)

<use figures/figure17_star.png>
Package pdftex.def Info: figures/figure17_star.png used on input line 283.
(pdftex.def)             Requested size: 360.0pt x 327.28699pt.

Overfull \hbox (2.38951pt too wide) in paragraph at lines 292--293
[]\OT1/cmr/m/n/10 The first three ex-am-ples are just sim-ple ge-om-e-try: buil
d-ing a square,
 []

[18 <./figures/figure14_paths.png>] [19 <./figures/figure15_square.png>]
[20 <./figures/figure16_circlesFractal.png>] [21 <./figures/figure17_star.png>]
<figures/figure18_coilBezier1.png, id=115, 501.875pt x 451.6875pt>
File: figures/figure18_coilBezier1.png Graphic file (type png)

<use figures/figure18_coilBezier1.png>
Package pdftex.def Info: figures/figure18_coilBezier1.png used on input line 30
7.
(pdftex.def)             Requested size: 360.0pt x 324.0155pt.

<figures/figure19_inductor.png, id=116, 501.875pt x 451.6875pt>
File: figures/figure19_inductor.png Graphic file (type png)

<use figures/figure19_inductor.png>
Package pdftex.def Info: figures/figure19_inductor.png used on input line 317.
(pdftex.def)             Requested size: 360.0pt x 324.0155pt.

<figures/figure20_transformer.png, id=117, 301.125pt x 501.875pt>
File: figures/figure20_transformer.png Graphic file (type png)

<use figures/figure20_transformer.png>
Package pdftex.def Info: figures/figure20_transformer.png used on input line 32
6.
(pdftex.def)             Requested size: 360.0pt x 600.0568pt.


LaTeX Warning: Float too large for page by 138.78575pt on input line 329.

<figures/figure21_rlc.png, id=118, 401.5pt x 501.875pt>
File: figures/figure21_rlc.png Graphic file (type png)

<use figures/figure21_rlc.png>
Package pdftex.def Info: figures/figure21_rlc.png used on input line 335.
(pdftex.def)             Requested size: 360.0pt x 450.02919pt.

<figures/figure22_gates.png, id=119, 501.875pt x 501.875pt>
File: figures/figure22_gates.png Graphic file (type png)

<use figures/figure22_gates.png>
Package pdftex.def Info: figures/figure22_gates.png used on input line 344.
(pdftex.def)             Requested size: 360.0pt x 360.01723pt.

<figures/figure23_graphtheory.png, id=120, 501.875pt x 351.3125pt>
File: figures/figure23_graphtheory.png Graphic file (type png)

<use figures/figure23_graphtheory.png>
Package pdftex.def Info: figures/figure23_graphtheory.png used on input line 35
9.
(pdftex.def)             Requested size: 360.0pt x 252.01205pt.

<figures/figure24_feynman1.png, id=121, 552.0625pt x 501.875pt>
File: figures/figure24_feynman1.png Graphic file (type png)

<use figures/figure24_feynman1.png>
Package pdftex.def Info: figures/figure24_feynman1.png used on input line 373.
(pdftex.def)             Requested size: 360.0pt x 327.28699pt.
 [22] [23 <./figures/figure18_coilBezier1.png>] [24 <./figures/figure19_inducto
r.png>] [25 <./figures/figure20_transformer.png>] [26 <./figures/figure21_rlc.p
ng>] [27 <./figures/figure22_gates.png>]
[28 <./figures/figure23_graphtheory.png>] [29 <./figures/figure24_feynman1.png>
]
Overfull \hbox (19.68591pt too wide) in paragraph at lines 407--408
\OT1/cmr/m/n/10 pressed. For ex-am-ple, the draw cir-cle ac-tion in doTheThing(
localcommand)
 []


Overfull \hbox (449.61824pt too wide) in paragraph at lines 423--423
 []        \OT1/cmtt/m/n/10 currentSVG += "\" r = \"" + side.toString() + "\" s
troke = \"" + currentStroke + "\" stroke-width = \"" + (ctx.lineWidth).toString
() + "\" ";[] 
 []

[30] [31] [32] (./paper1.aux) ) 
Here is how much of TeX's memory you used:
 1613 strings out of 494953
 25121 string characters out of 6180977
 78701 words of memory out of 5000000
 4882 multiletter control sequences out of 15000+600000
 7806 words of font info for 28 fonts, out of 8000000 for 9000
 14 hyphenation exceptions out of 8191
 37i,5n,23p,1121b,234s stack positions out of 5000i,500n,10000p,200000b,80000s
</usr/share/texlive/texmf-dist/fonts/type1/publi
c/amsfonts/cm/cmbx10.pfb></usr/share/texlive/texmf-dist/fonts/type1/public/amsf
onts/cm/cmbx12.pfb></usr/share/texlive/texmf-dist/fonts/type1/public/amsfonts/c
m/cmmi10.pfb></usr/share/texlive/texmf-dist/fonts/type1/public/amsfonts/cm/cmmi
8.pfb></usr/share/texlive/texmf-dist/fonts/type1/public/amsfonts/cm/cmr10.pfb><
/usr/share/texlive/texmf-dist/fonts/type1/public/amsfonts/cm/cmr8.pfb></usr/sha
re/texlive/texmf-dist/fonts/type1/public/amsfonts/cm/cmsy10.pfb></usr/share/tex
live/texmf-dist/fonts/type1/public/amsfonts/cm/cmsy8.pfb></usr/share/texlive/te
xmf-dist/fonts/type1/public/amsfonts/cm/cmti10.pfb></usr/share/texlive/texmf-di
st/fonts/type1/public/amsfonts/cm/cmtt10.pfb>
Output written on paper1.pdf (32 pages, 633219 bytes).
PDF statistics:
 199 PDF objects out of 1000 (max. 8388607)
 103 compressed objects within 2 object streams
 0 named destinations out of 1000 (max. 500000)
 126 words of extra memory for PDF output out of 10000 (max. 10000000)

